<?xml version="1.0" encoding="UTF-8"?>
<coverage generated="1629057977484" clover="3.2.0">
  <project timestamp="1629057977484" name="All files">
    <metrics statements="61" coveredstatements="38" conditionals="12" coveredconditionals="8" methods="38" coveredmethods="24" elements="111" coveredelements="70" complexity="0" loc="61" ncloc="61" packages="1" files="1" classes="1"/>
    <file name="ToDo.js" path="/home/del/Code/todo/ToDo.js">
      <metrics statements="61" coveredstatements="38" conditionals="12" coveredconditionals="8" methods="38" coveredmethods="24"/>
      <line num="6" count="1" type="stmt"/>
      <line num="7" count="1" type="stmt"/>
      <line num="10" count="45" type="stmt"/>
      <line num="11" count="45" type="stmt"/>
      <line num="15" count="0" type="cond" truecount="0" falsecount="2"/>
      <line num="16" count="0" type="stmt"/>
      <line num="20" count="6" type="stmt"/>
      <line num="24" count="0" type="stmt"/>
      <line num="28" count="12" type="stmt"/>
      <line num="32" count="3" type="stmt"/>
      <line num="38" count="16" type="stmt"/>
      <line num="39" count="16" type="stmt"/>
      <line num="43" count="3" type="stmt"/>
      <line num="47" count="48" type="cond" truecount="2" falsecount="0"/>
      <line num="48" count="47" type="stmt"/>
      <line num="50" count="1" type="stmt"/>
      <line num="55" count="1" type="cond" truecount="1" falsecount="1"/>
      <line num="56" count="1" type="stmt"/>
      <line num="59" count="0" type="stmt"/>
      <line num="63" count="1" type="cond" truecount="1" falsecount="1"/>
      <line num="64" count="1" type="stmt"/>
      <line num="67" count="0" type="stmt"/>
      <line num="71" count="1" type="stmt"/>
      <line num="75" count="1" type="stmt"/>
      <line num="79" count="1" type="stmt"/>
      <line num="80" count="0" type="stmt"/>
      <line num="84" count="3" type="stmt"/>
      <line num="85" count="2" type="stmt"/>
      <line num="89" count="4" type="stmt"/>
      <line num="90" count="3" type="stmt"/>
      <line num="94" count="1" type="stmt"/>
      <line num="95" count="0" type="stmt"/>
      <line num="99" count="12" type="stmt"/>
      <line num="103" count="2" type="stmt"/>
      <line num="104" count="6" type="stmt"/>
      <line num="109" count="1" type="stmt"/>
      <line num="110" count="1" type="stmt"/>
      <line num="111" count="3" type="cond" truecount="2" falsecount="0"/>
      <line num="112" count="2" type="stmt"/>
      <line num="116" count="1" type="stmt"/>
      <line num="120" count="0" type="stmt"/>
      <line num="124" count="0" type="stmt"/>
      <line num="125" count="0" type="stmt"/>
      <line num="127" count="0" type="stmt"/>
      <line num="131" count="0" type="stmt"/>
      <line num="132" count="0" type="stmt"/>
      <line num="134" count="0" type="stmt"/>
      <line num="138" count="0" type="stmt"/>
      <line num="139" count="0" type="stmt"/>
      <line num="143" count="0" type="stmt"/>
      <line num="144" count="0" type="stmt"/>
      <line num="148" count="3" type="stmt"/>
      <line num="152" count="0" type="stmt"/>
      <line num="156" count="0" type="stmt"/>
      <line num="158" count="0" type="stmt"/>
      <line num="160" count="0" type="stmt"/>
      <line num="161" count="0" type="stmt"/>
      <line num="166" count="4" type="stmt"/>
      <line num="170" count="9" type="cond" truecount="2" falsecount="0"/>
      <line num="171" count="4" type="stmt"/>
      <line num="176" count="1" type="stmt"/>
    </file>
  </project>
</coverage>
