{"/home/del/Code/todo/ToDo.js": {"path":"/home/del/Code/todo/ToDo.js","statementMap":{"0":{"start":{"line":6,"column":23},"end":{"line":6,"column":26}},"1":{"start":{"line":7,"column":27},"end":{"line":7,"column":30}},"2":{"start":{"line":10,"column":4},"end":{"line":10,"column":23}},"3":{"start":{"line":11,"column":4},"end":{"line":11,"column":22}},"4":{"start":{"line":15,"column":17},"end":{"line":15,"column":68}},"5":{"start":{"line":16,"column":4},"end":{"line":16,"column":39}},"6":{"start":{"line":20,"column":4},"end":{"line":20,"column":21}},"7":{"start":{"line":24,"column":4},"end":{"line":24,"column":22}},"8":{"start":{"line":28,"column":4},"end":{"line":28,"column":21}},"9":{"start":{"line":32,"column":4},"end":{"line":32,"column":22}},"10":{"start":{"line":38,"column":4},"end":{"line":38,"column":23}},"11":{"start":{"line":39,"column":4},"end":{"line":39,"column":20}},"12":{"start":{"line":43,"column":4},"end":{"line":43,"column":29}},"13":{"start":{"line":47,"column":4},"end":{"line":51,"column":5}},"14":{"start":{"line":48,"column":6},"end":{"line":48,"column":29}},"15":{"start":{"line":50,"column":6},"end":{"line":50,"column":66}},"16":{"start":{"line":55,"column":4},"end":{"line":57,"column":5}},"17":{"start":{"line":56,"column":6},"end":{"line":56,"column":27}},"18":{"start":{"line":59,"column":4},"end":{"line":59,"column":27}},"19":{"start":{"line":63,"column":4},"end":{"line":65,"column":5}},"20":{"start":{"line":64,"column":6},"end":{"line":64,"column":41}},"21":{"start":{"line":67,"column":4},"end":{"line":67,"column":27}},"22":{"start":{"line":71,"column":4},"end":{"line":71,"column":28}},"23":{"start":{"line":75,"column":4},"end":{"line":75,"column":30}},"24":{"start":{"line":79,"column":4},"end":{"line":79,"column":36}},"25":{"start":{"line":80,"column":4},"end":{"line":80,"column":32}},"26":{"start":{"line":84,"column":4},"end":{"line":84,"column":36}},"27":{"start":{"line":85,"column":4},"end":{"line":85,"column":45}},"28":{"start":{"line":89,"column":4},"end":{"line":89,"column":36}},"29":{"start":{"line":90,"column":4},"end":{"line":90,"column":36}},"30":{"start":{"line":94,"column":4},"end":{"line":94,"column":36}},"31":{"start":{"line":95,"column":4},"end":{"line":95,"column":39}},"32":{"start":{"line":99,"column":4},"end":{"line":99,"column":51}},"33":{"start":{"line":99,"column":36},"end":{"line":99,"column":49}},"34":{"start":{"line":103,"column":4},"end":{"line":105,"column":5}},"35":{"start":{"line":103,"column":19},"end":{"line":103,"column":20}},"36":{"start":{"line":104,"column":6},"end":{"line":104,"column":34}},"37":{"start":{"line":109,"column":23},"end":{"line":109,"column":52}},"38":{"start":{"line":110,"column":4},"end":{"line":114,"column":7}},"39":{"start":{"line":111,"column":6},"end":{"line":113,"column":7}},"40":{"start":{"line":112,"column":8},"end":{"line":112,"column":35}},"41":{"start":{"line":116,"column":4},"end":{"line":116,"column":24}},"42":{"start":{"line":120,"column":4},"end":{"line":120,"column":66}},"43":{"start":{"line":120,"column":31},"end":{"line":120,"column":56}},"44":{"start":{"line":124,"column":15},"end":{"line":124,"column":49}},"45":{"start":{"line":124,"column":35},"end":{"line":124,"column":48}},"46":{"start":{"line":125,"column":4},"end":{"line":125,"column":35}},"47":{"start":{"line":127,"column":4},"end":{"line":127,"column":16}},"48":{"start":{"line":131,"column":15},"end":{"line":131,"column":50}},"49":{"start":{"line":131,"column":35},"end":{"line":131,"column":49}},"50":{"start":{"line":132,"column":4},"end":{"line":132,"column":36}},"51":{"start":{"line":134,"column":4},"end":{"line":134,"column":16}},"52":{"start":{"line":138,"column":15},"end":{"line":138,"column":38}},"53":{"start":{"line":139,"column":4},"end":{"line":139,"column":20}},"54":{"start":{"line":143,"column":15},"end":{"line":143,"column":38}},"55":{"start":{"line":144,"column":4},"end":{"line":144,"column":23}},"56":{"start":{"line":148,"column":4},"end":{"line":148,"column":42}},"57":{"start":{"line":148,"column":25},"end":{"line":148,"column":40}},"58":{"start":{"line":152,"column":4},"end":{"line":152,"column":45}},"59":{"start":{"line":152,"column":25},"end":{"line":152,"column":43}},"60":{"start":{"line":156,"column":15},"end":{"line":156,"column":57}},"61":{"start":{"line":158,"column":21},"end":{"line":158,"column":52}},"62":{"start":{"line":160,"column":4},"end":{"line":162,"column":19}},"63":{"start":{"line":161,"column":6},"end":{"line":161,"column":63}},"64":{"start":{"line":166,"column":4},"end":{"line":166,"column":30}},"65":{"start":{"line":170,"column":4},"end":{"line":172,"column":5}},"66":{"start":{"line":171,"column":6},"end":{"line":171,"column":58}},"67":{"start":{"line":176,"column":0},"end":{"line":176,"column":36}}},"fnMap":{"0":{"name":"(anonymous_0)","decl":{"start":{"line":9,"column":2},"end":{"line":9,"column":3}},"loc":{"start":{"line":9,"column":21},"end":{"line":12,"column":3}},"line":9},"1":{"name":"(anonymous_1)","decl":{"start":{"line":14,"column":2},"end":{"line":14,"column":3}},"loc":{"start":{"line":14,"column":13},"end":{"line":17,"column":3}},"line":14},"2":{"name":"(anonymous_2)","decl":{"start":{"line":19,"column":2},"end":{"line":19,"column":3}},"loc":{"start":{"line":19,"column":13},"end":{"line":21,"column":3}},"line":19},"3":{"name":"(anonymous_3)","decl":{"start":{"line":23,"column":2},"end":{"line":23,"column":3}},"loc":{"start":{"line":23,"column":16},"end":{"line":25,"column":3}},"line":23},"4":{"name":"(anonymous_4)","decl":{"start":{"line":27,"column":2},"end":{"line":27,"column":3}},"loc":{"start":{"line":27,"column":11},"end":{"line":29,"column":3}},"line":27},"5":{"name":"(anonymous_5)","decl":{"start":{"line":31,"column":2},"end":{"line":31,"column":3}},"loc":{"start":{"line":31,"column":13},"end":{"line":33,"column":3}},"line":31},"6":{"name":"(anonymous_6)","decl":{"start":{"line":37,"column":2},"end":{"line":37,"column":3}},"loc":{"start":{"line":37,"column":21},"end":{"line":40,"column":3}},"line":37},"7":{"name":"(anonymous_7)","decl":{"start":{"line":42,"column":2},"end":{"line":42,"column":3}},"loc":{"start":{"line":42,"column":9},"end":{"line":44,"column":3}},"line":42},"8":{"name":"(anonymous_8)","decl":{"start":{"line":46,"column":2},"end":{"line":46,"column":3}},"loc":{"start":{"line":46,"column":17},"end":{"line":52,"column":3}},"line":46},"9":{"name":"(anonymous_9)","decl":{"start":{"line":54,"column":2},"end":{"line":54,"column":3}},"loc":{"start":{"line":54,"column":10},"end":{"line":60,"column":3}},"line":54},"10":{"name":"(anonymous_10)","decl":{"start":{"line":62,"column":2},"end":{"line":62,"column":3}},"loc":{"start":{"line":62,"column":9},"end":{"line":68,"column":3}},"line":62},"11":{"name":"(anonymous_11)","decl":{"start":{"line":70,"column":2},"end":{"line":70,"column":3}},"loc":{"start":{"line":70,"column":8},"end":{"line":72,"column":3}},"line":70},"12":{"name":"(anonymous_12)","decl":{"start":{"line":74,"column":2},"end":{"line":74,"column":3}},"loc":{"start":{"line":74,"column":10},"end":{"line":76,"column":3}},"line":74},"13":{"name":"(anonymous_13)","decl":{"start":{"line":78,"column":2},"end":{"line":78,"column":3}},"loc":{"start":{"line":78,"column":19},"end":{"line":81,"column":3}},"line":78},"14":{"name":"(anonymous_14)","decl":{"start":{"line":83,"column":2},"end":{"line":83,"column":3}},"loc":{"start":{"line":83,"column":21},"end":{"line":86,"column":3}},"line":83},"15":{"name":"(anonymous_15)","decl":{"start":{"line":88,"column":2},"end":{"line":88,"column":3}},"loc":{"start":{"line":88,"column":23},"end":{"line":91,"column":3}},"line":88},"16":{"name":"(anonymous_16)","decl":{"start":{"line":93,"column":2},"end":{"line":93,"column":3}},"loc":{"start":{"line":93,"column":26},"end":{"line":96,"column":3}},"line":93},"17":{"name":"(anonymous_17)","decl":{"start":{"line":98,"column":2},"end":{"line":98,"column":3}},"loc":{"start":{"line":98,"column":11},"end":{"line":100,"column":3}},"line":98},"18":{"name":"(anonymous_18)","decl":{"start":{"line":99,"column":28},"end":{"line":99,"column":29}},"loc":{"start":{"line":99,"column":36},"end":{"line":99,"column":49}},"line":99},"19":{"name":"(anonymous_19)","decl":{"start":{"line":102,"column":2},"end":{"line":102,"column":3}},"loc":{"start":{"line":102,"column":22},"end":{"line":106,"column":3}},"line":102},"20":{"name":"(anonymous_20)","decl":{"start":{"line":108,"column":2},"end":{"line":108,"column":3}},"loc":{"start":{"line":108,"column":21},"end":{"line":117,"column":3}},"line":108},"21":{"name":"(anonymous_21)","decl":{"start":{"line":110,"column":23},"end":{"line":110,"column":24}},"loc":{"start":{"line":110,"column":31},"end":{"line":114,"column":5}},"line":110},"22":{"name":"(anonymous_22)","decl":{"start":{"line":119,"column":2},"end":{"line":119,"column":3}},"loc":{"start":{"line":119,"column":21},"end":{"line":121,"column":3}},"line":119},"23":{"name":"(anonymous_23)","decl":{"start":{"line":120,"column":23},"end":{"line":120,"column":24}},"loc":{"start":{"line":120,"column":31},"end":{"line":120,"column":56}},"line":120},"24":{"name":"(anonymous_24)","decl":{"start":{"line":123,"column":2},"end":{"line":123,"column":3}},"loc":{"start":{"line":123,"column":12},"end":{"line":128,"column":3}},"line":123},"25":{"name":"(anonymous_25)","decl":{"start":{"line":124,"column":27},"end":{"line":124,"column":28}},"loc":{"start":{"line":124,"column":35},"end":{"line":124,"column":48}},"line":124},"26":{"name":"(anonymous_26)","decl":{"start":{"line":130,"column":2},"end":{"line":130,"column":3}},"loc":{"start":{"line":130,"column":15},"end":{"line":135,"column":3}},"line":130},"27":{"name":"(anonymous_27)","decl":{"start":{"line":131,"column":27},"end":{"line":131,"column":28}},"loc":{"start":{"line":131,"column":35},"end":{"line":131,"column":49}},"line":131},"28":{"name":"(anonymous_28)","decl":{"start":{"line":137,"column":2},"end":{"line":137,"column":3}},"loc":{"start":{"line":137,"column":18},"end":{"line":140,"column":3}},"line":137},"29":{"name":"(anonymous_29)","decl":{"start":{"line":142,"column":2},"end":{"line":142,"column":3}},"loc":{"start":{"line":142,"column":21},"end":{"line":145,"column":3}},"line":142},"30":{"name":"(anonymous_30)","decl":{"start":{"line":147,"column":2},"end":{"line":147,"column":3}},"loc":{"start":{"line":147,"column":16},"end":{"line":149,"column":3}},"line":147},"31":{"name":"(anonymous_31)","decl":{"start":{"line":148,"column":17},"end":{"line":148,"column":18}},"loc":{"start":{"line":148,"column":25},"end":{"line":148,"column":40}},"line":148},"32":{"name":"(anonymous_32)","decl":{"start":{"line":151,"column":2},"end":{"line":151,"column":3}},"loc":{"start":{"line":151,"column":19},"end":{"line":153,"column":3}},"line":151},"33":{"name":"(anonymous_33)","decl":{"start":{"line":152,"column":17},"end":{"line":152,"column":18}},"loc":{"start":{"line":152,"column":25},"end":{"line":152,"column":43}},"line":152},"34":{"name":"(anonymous_34)","decl":{"start":{"line":155,"column":2},"end":{"line":155,"column":3}},"loc":{"start":{"line":155,"column":13},"end":{"line":163,"column":3}},"line":155},"35":{"name":"(anonymous_35)","decl":{"start":{"line":160,"column":29},"end":{"line":160,"column":30}},"loc":{"start":{"line":160,"column":53},"end":{"line":162,"column":5}},"line":160},"36":{"name":"(anonymous_36)","decl":{"start":{"line":165,"column":2},"end":{"line":165,"column":3}},"loc":{"start":{"line":165,"column":12},"end":{"line":167,"column":3}},"line":165},"37":{"name":"(anonymous_37)","decl":{"start":{"line":169,"column":2},"end":{"line":169,"column":3}},"loc":{"start":{"line":169,"column":24},"end":{"line":173,"column":3}},"line":169}},"branchMap":{"0":{"loc":{"start":{"line":15,"column":17},"end":{"line":15,"column":68}},"type":"cond-expr","locations":[{"start":{"line":15,"column":29},"end":{"line":15,"column":45}},{"start":{"line":15,"column":48},"end":{"line":15,"column":68}}],"line":15},"1":{"loc":{"start":{"line":47,"column":4},"end":{"line":51,"column":5}},"type":"if","locations":[{"start":{"line":47,"column":4},"end":{"line":51,"column":5}},{"start":{"line":47,"column":4},"end":{"line":51,"column":5}}],"line":47},"2":{"loc":{"start":{"line":55,"column":4},"end":{"line":57,"column":5}},"type":"if","locations":[{"start":{"line":55,"column":4},"end":{"line":57,"column":5}},{"start":{"line":55,"column":4},"end":{"line":57,"column":5}}],"line":55},"3":{"loc":{"start":{"line":63,"column":4},"end":{"line":65,"column":5}},"type":"if","locations":[{"start":{"line":63,"column":4},"end":{"line":65,"column":5}},{"start":{"line":63,"column":4},"end":{"line":65,"column":5}}],"line":63},"4":{"loc":{"start":{"line":111,"column":6},"end":{"line":113,"column":7}},"type":"if","locations":[{"start":{"line":111,"column":6},"end":{"line":113,"column":7}},{"start":{"line":111,"column":6},"end":{"line":113,"column":7}}],"line":111},"5":{"loc":{"start":{"line":170,"column":4},"end":{"line":172,"column":5}},"type":"if","locations":[{"start":{"line":170,"column":4},"end":{"line":172,"column":5}},{"start":{"line":170,"column":4},"end":{"line":172,"column":5}}],"line":170}},"s":{"0":1,"1":1,"2":45,"3":45,"4":0,"5":0,"6":6,"7":0,"8":12,"9":3,"10":16,"11":16,"12":3,"13":48,"14":47,"15":1,"16":1,"17":1,"18":0,"19":1,"20":1,"21":0,"22":1,"23":1,"24":1,"25":0,"26":3,"27":2,"28":4,"29":3,"30":1,"31":0,"32":5,"33":12,"34":2,"35":2,"36":6,"37":1,"38":1,"39":3,"40":2,"41":1,"42":0,"43":0,"44":0,"45":0,"46":0,"47":0,"48":0,"49":0,"50":0,"51":0,"52":0,"53":0,"54":0,"55":0,"56":1,"57":3,"58":0,"59":0,"60":0,"61":0,"62":0,"63":0,"64":4,"65":9,"66":4,"67":1},"f":{"0":45,"1":0,"2":6,"3":0,"4":12,"5":3,"6":16,"7":3,"8":48,"9":1,"10":1,"11":1,"12":1,"13":1,"14":3,"15":4,"16":1,"17":5,"18":12,"19":2,"20":1,"21":3,"22":0,"23":0,"24":0,"25":0,"26":0,"27":0,"28":0,"29":0,"30":1,"31":3,"32":0,"33":0,"34":0,"35":0,"36":4,"37":9},"b":{"0":[0,0],"1":[47,1],"2":[1,0],"3":[1,0],"4":[2,1],"5":[4,5]},"_coverageSchema":"1a1c01bbd47fc00a2c39e90264f33305004495a9","hash":"6f7ec71c64a0524f98b1cb450dff88565bc472f0"}
}
