TN:
SF:ToDo.js
FN:9,(anonymous_0)
FN:14,(anonymous_1)
FN:19,(anonymous_2)
FN:23,(anonymous_3)
FN:27,(anonymous_4)
FN:31,(anonymous_5)
FN:37,(anonymous_6)
FN:42,(anonymous_7)
FN:46,(anonymous_8)
FN:54,(anonymous_9)
FN:62,(anonymous_10)
FN:70,(anonymous_11)
FN:74,(anonymous_12)
FN:78,(anonymous_13)
FN:83,(anonymous_14)
FN:88,(anonymous_15)
FN:93,(anonymous_16)
FN:98,(anonymous_17)
FN:99,(anonymous_18)
FN:102,(anonymous_19)
FN:108,(anonymous_20)
FN:110,(anonymous_21)
FN:119,(anonymous_22)
FN:120,(anonymous_23)
FN:123,(anonymous_24)
FN:124,(anonymous_25)
FN:130,(anonymous_26)
FN:131,(anonymous_27)
FN:137,(anonymous_28)
FN:142,(anonymous_29)
FN:147,(anonymous_30)
FN:148,(anonymous_31)
FN:151,(anonymous_32)
FN:152,(anonymous_33)
FN:155,(anonymous_34)
FN:160,(anonymous_35)
FN:165,(anonymous_36)
FN:169,(anonymous_37)
FNF:38
FNH:24
FNDA:45,(anonymous_0)
FNDA:0,(anonymous_1)
FNDA:6,(anonymous_2)
FNDA:0,(anonymous_3)
FNDA:12,(anonymous_4)
FNDA:3,(anonymous_5)
FNDA:16,(anonymous_6)
FNDA:3,(anonymous_7)
FNDA:48,(anonymous_8)
FNDA:1,(anonymous_9)
FNDA:1,(anonymous_10)
FNDA:1,(anonymous_11)
FNDA:1,(anonymous_12)
FNDA:1,(anonymous_13)
FNDA:3,(anonymous_14)
FNDA:4,(anonymous_15)
FNDA:1,(anonymous_16)
FNDA:5,(anonymous_17)
FNDA:12,(anonymous_18)
FNDA:2,(anonymous_19)
FNDA:1,(anonymous_20)
FNDA:3,(anonymous_21)
FNDA:0,(anonymous_22)
FNDA:0,(anonymous_23)
FNDA:0,(anonymous_24)
FNDA:0,(anonymous_25)
FNDA:0,(anonymous_26)
FNDA:0,(anonymous_27)
FNDA:0,(anonymous_28)
FNDA:0,(anonymous_29)
FNDA:1,(anonymous_30)
FNDA:3,(anonymous_31)
FNDA:0,(anonymous_32)
FNDA:0,(anonymous_33)
FNDA:0,(anonymous_34)
FNDA:0,(anonymous_35)
FNDA:4,(anonymous_36)
FNDA:9,(anonymous_37)
DA:6,1
DA:7,1
DA:10,45
DA:11,45
DA:15,0
DA:16,0
DA:20,6
DA:24,0
DA:28,12
DA:32,3
DA:38,16
DA:39,16
DA:43,3
DA:47,48
DA:48,47
DA:50,1
DA:55,1
DA:56,1
DA:59,0
DA:63,1
DA:64,1
DA:67,0
DA:71,1
DA:75,1
DA:79,1
DA:80,0
DA:84,3
DA:85,2
DA:89,4
DA:90,3
DA:94,1
DA:95,0
DA:99,12
DA:103,2
DA:104,6
DA:109,1
DA:110,1
DA:111,3
DA:112,2
DA:116,1
DA:120,0
DA:124,0
DA:125,0
DA:127,0
DA:131,0
DA:132,0
DA:134,0
DA:138,0
DA:139,0
DA:143,0
DA:144,0
DA:148,3
DA:152,0
DA:156,0
DA:158,0
DA:160,0
DA:161,0
DA:166,4
DA:170,9
DA:171,4
DA:176,1
LF:61
LH:38
BRDA:15,0,0,0
BRDA:15,0,1,0
BRDA:47,1,0,47
BRDA:47,1,1,1
BRDA:55,2,0,1
BRDA:55,2,1,0
BRDA:63,3,0,1
BRDA:63,3,1,0
BRDA:111,4,0,2
BRDA:111,4,1,1
BRDA:170,5,0,4
BRDA:170,5,1,5
BRF:12
BRH:8
end_of_record
